<?xml version="1.0" encoding="UTF-8"?>
<!-- Generated by org.testng.reporters.JUnitReportReporter -->
<testsuite hostname="CTs-Mac-mini.local" failures="0" tests="1" name="practise.AppiumFramework.Ecommerce_tc_4" time="52.407" errors="0" timestamp="26 Oct 2020 03:48:10 GMT" skipped="0">
  <testcase classname="practise.AppiumFramework.Ecommerce_tc_4" name="totalValidation" time="52.407"/>
</testsuite> <!-- practise.AppiumFramework.Ecommerce_tc_4 -->
